C:\Program Files (x86)\Microsoft Visual Studio\2017\Community\Common7\IDE\VC\VCTargets\Microsoft.CppBuild.targets(373,5): warning MSB8004: Le répertoire Output ne se termine pas par une barre oblique finale. Cette instance de build ajoutera une barre oblique, comme requis, pour permettre l'évaluation correcte du répertoire Output.
  Core.cpp
  Encap.cpp
  EventReceiver.cpp
  MenuEvent.cpp
  MenuEventSubMenu.cpp
  GameEngine.cpp
  GameEngineGeneration.cpp
  GameEngineLogic.cpp
  main.cpp
  InventoryModel.cpp
  MenuInGameModel.cpp
  MenuModel.cpp
  SetMenuModelMainOptions.cpp
  SplashScreen.cpp
  Grenade.cpp
  HolyHandGrenade.cpp
  Inventory.cpp
  Shotgun.cpp
  SkipGo.cpp
  Surrender.cpp
  Génération de code en cours...
  Compilation en cours...
  Team.cpp
  Uzi.cpp
  Worm.cpp
  WormBot.cpp
  WormWithoutWeapon.cpp
  WormWithWeapon.cpp
  Génération de code en cours...
  Indie_Studio.vcxproj -> C:\Users\frenc\Documents\Shared\cpp_indie_studio\.\Indie_Studio.exe
