c:\users\yassir\documents\shared\cpp_indie_studio\x64\release\vc141.pdb
c:\users\yassir\documents\shared\cpp_indie_studio\x64\release\worm.obj
c:\users\yassir\documents\shared\cpp_indie_studio\x64\release\uzi.obj
c:\users\yassir\documents\shared\cpp_indie_studio\x64\release\team.obj
c:\users\yassir\documents\shared\cpp_indie_studio\x64\release\shotgun.obj
c:\users\yassir\documents\shared\cpp_indie_studio\x64\release\inventory.obj
c:\users\yassir\documents\shared\cpp_indie_studio\x64\release\splashscreen.obj
c:\users\yassir\documents\shared\cpp_indie_studio\x64\release\setmenumodelmainoptions.obj
c:\users\yassir\documents\shared\cpp_indie_studio\x64\release\menumodel.obj
c:\users\yassir\documents\shared\cpp_indie_studio\x64\release\menuingamemodel.obj
c:\users\yassir\documents\shared\cpp_indie_studio\x64\release\main.obj
c:\users\yassir\documents\shared\cpp_indie_studio\x64\release\gameenginelogic.obj
c:\users\yassir\documents\shared\cpp_indie_studio\x64\release\gameenginegeneration.obj
c:\users\yassir\documents\shared\cpp_indie_studio\x64\release\gameengine.obj
c:\users\yassir\documents\shared\cpp_indie_studio\x64\release\menueventsubmenu.obj
c:\users\yassir\documents\shared\cpp_indie_studio\x64\release\menuevent.obj
c:\users\yassir\documents\shared\cpp_indie_studio\x64\release\eventreceiver.obj
c:\users\yassir\documents\shared\cpp_indie_studio\x64\release\encap.obj
c:\users\yassir\documents\shared\cpp_indie_studio\x64\release\core.obj
c:\users\yassir\documents\shared\cpp_indie_studio\x64\release\worms.ilk
c:\users\yassir\documents\shared\cpp_indie_studio\x64\release\worms.exe
c:\users\yassir\documents\shared\cpp_indie_studio\x64\release\worms.pdb
c:\users\yassir\documents\shared\cpp_indie_studio\x64\release\worms.tlog\cl.command.1.tlog
c:\users\yassir\documents\shared\cpp_indie_studio\x64\release\worms.tlog\cl.read.1.tlog
c:\users\yassir\documents\shared\cpp_indie_studio\x64\release\worms.tlog\cl.write.1.tlog
c:\users\yassir\documents\shared\cpp_indie_studio\x64\release\worms.tlog\link.command.1.tlog
c:\users\yassir\documents\shared\cpp_indie_studio\x64\release\worms.tlog\link.read.1.tlog
c:\users\yassir\documents\shared\cpp_indie_studio\x64\release\worms.tlog\link.write.1.tlog
