  WormWithWeapon.cpp
sources\worms\WormWithWeapon.cpp(11): fatal error C1083: Impossible d'ouvrir le fichier include : 'Worms/Worm.hpp' : No such file or directory
  WormWithoutWeapon.cpp
sources\worms\WormWithoutWeapon.cpp(11): fatal error C1083: Impossible d'ouvrir le fichier include : 'Worms/Worm.hpp' : No such file or directory
  WormBot.cpp
sources\worms\WormBot.cpp(11): fatal error C1083: Impossible d'ouvrir le fichier include : 'Worms/Worm.hpp' : No such file or directory
  Worm.cpp
sources\worms\Worm.cpp(11): fatal error C1083: Impossible d'ouvrir le fichier include : 'Worms/Worm.hpp' : No such file or directory
  Uzi.cpp
sources\worms\Uzi.cpp(13): fatal error C1083: Impossible d'ouvrir le fichier include : 'Worms/Uzi.hpp' : No such file or directory
  Team.cpp
sources\worms\Team.cpp(11): fatal error C1083: Impossible d'ouvrir le fichier include : 'Worms/Team.hpp' : No such file or directory
  Surrender.cpp
sources\worms\Surrender.cpp(11): fatal error C1083: Impossible d'ouvrir le fichier include : 'Worms/Surrender.hpp' : No such file or directory
  Shotgun.cpp
sources\worms\Shotgun.cpp(14): fatal error C1083: Impossible d'ouvrir le fichier include : 'Worms/Shotgun.hpp' : No such file or directory
  Inventory.cpp
sources\worms\Inventory.cpp(13): fatal error C1083: Impossible d'ouvrir le fichier include : 'Worms/Inventory.hpp' : No such file or directory
  HolyHandGrenade.cpp
sources\worms\HolyHandGrenade.cpp(12): fatal error C1083: Impossible d'ouvrir le fichier include : 'Worms/HolyHandGrenade.hpp' : No such file or directory
  Grenade.cpp
sources\worms\Grenade.cpp(11): fatal error C1083: Impossible d'ouvrir le fichier include : 'Worms/Grenade.hpp' : No such file or directory
  SplashScreen.cpp
sources\model\SplashScreen.cpp(11): fatal error C1083: Impossible d'ouvrir le fichier include : 'Model/SplashScreen.hpp' : No such file or directory
  SetMenuModelMainOptions.cpp
sources\model\SetMenuModelMainOptions.cpp(11): fatal error C1083: Impossible d'ouvrir le fichier include : 'Model/MenuModel.hpp' : No such file or directory
  MenuModel.cpp
sources\model\MenuModel.cpp(11): fatal error C1083: Impossible d'ouvrir le fichier include : 'Model/MenuModel.hpp' : No such file or directory
  MenuInGameModel.cpp
sources\model\MenuInGameModel.cpp(11): fatal error C1083: Impossible d'ouvrir le fichier include : 'Model/MenuInGameModel.hpp' : No such file or directory
  InventoryModel.cpp
sources\model\InventoryModel.cpp(11): fatal error C1083: Impossible d'ouvrir le fichier include : 'Model/InventoryModel.hpp' : No such file or directory
  main.cpp
sources\main.cpp(12): fatal error C1083: Impossible d'ouvrir le fichier include : 'Core.hpp' : No such file or directory
  GameEngineLogic.cpp
sources\gameengine\GameEngineLogic.cpp(11): fatal error C1083: Impossible d'ouvrir le fichier include : 'GameEngine/GameEngine.hpp' : No such file or directory
  GameEngineGeneration.cpp
sources\gameengine\GameEngineGeneration.cpp(11): fatal error C1083: Impossible d'ouvrir le fichier include : 'GameEngine/GameEngine.hpp' : No such file or directory
  GameEngine.cpp
sources\gameengine\GameEngine.cpp(11): fatal error C1083: Impossible d'ouvrir le fichier include : 'GameEngine/GameEngine.hpp' : No such file or directory
  Génération de code en cours...
  Compilation en cours...
  MenuEventSubMenu.cpp
sources\events\MenuEventSubMenu.cpp(11): fatal error C1083: Impossible d'ouvrir le fichier include : 'Events/MenuEvent.hpp' : No such file or directory
  MenuEvent.cpp
sources\events\MenuEvent.cpp(11): fatal error C1083: Impossible d'ouvrir le fichier include : 'Events/MenuEvent.hpp' : No such file or directory
  EventReceiver.cpp
sources\events\EventReceiver.cpp(11): fatal error C1083: Impossible d'ouvrir le fichier include : 'Events/EventReceiver.hpp' : No such file or directory
  Encap.cpp
sources\Encap.cpp(11): fatal error C1083: Impossible d'ouvrir le fichier include : 'Encap.hpp' : No such file or directory
  Core.cpp
sources\Core.cpp(11): fatal error C1083: Impossible d'ouvrir le fichier include : 'Core.hpp' : No such file or directory
  Génération de code en cours...
