c:\users\yassir\documents\shared\cpp_indie_studio\release\vc141.pdb
c:\users\yassir\documents\shared\cpp_indie_studio\release\worm.obj
c:\users\yassir\documents\shared\cpp_indie_studio\release\team.obj
c:\users\yassir\documents\shared\cpp_indie_studio\release\splashscreen.obj
c:\users\yassir\documents\shared\cpp_indie_studio\release\setmenumodelmainoptions.obj
c:\users\yassir\documents\shared\cpp_indie_studio\release\menumodel.obj
c:\users\yassir\documents\shared\cpp_indie_studio\release\menuingamemodel.obj
c:\users\yassir\documents\shared\cpp_indie_studio\release\main.obj
c:\users\yassir\documents\shared\cpp_indie_studio\release\gameenginegeneration.obj
c:\users\yassir\documents\shared\cpp_indie_studio\release\gameengine.obj
c:\users\yassir\documents\shared\cpp_indie_studio\release\menuingameevent.obj
c:\users\yassir\documents\shared\cpp_indie_studio\release\menueventsubmenu.obj
c:\users\yassir\documents\shared\cpp_indie_studio\release\menuevent.obj
c:\users\yassir\documents\shared\cpp_indie_studio\release\eventreceiver.obj
c:\users\yassir\documents\shared\cpp_indie_studio\release\encap.obj
c:\users\yassir\documents\shared\cpp_indie_studio\release\core.obj
c:\users\yassir\documents\shared\cpp_indie_studio\release\indie studio.pdb
c:\users\yassir\documents\shared\cpp_indie_studio\release\indie studio.tlog\cl.command.1.tlog
c:\users\yassir\documents\shared\cpp_indie_studio\release\indie studio.tlog\cl.read.1.tlog
c:\users\yassir\documents\shared\cpp_indie_studio\release\indie studio.tlog\cl.write.1.tlog
c:\users\yassir\documents\shared\cpp_indie_studio\release\indie studio.tlog\link-cvtres.read.1.tlog
c:\users\yassir\documents\shared\cpp_indie_studio\release\indie studio.tlog\link-cvtres.write.1.tlog
c:\users\yassir\documents\shared\cpp_indie_studio\release\indie studio.tlog\link-rc.read.1.tlog
c:\users\yassir\documents\shared\cpp_indie_studio\release\indie studio.tlog\link-rc.write.1.tlog
c:\users\yassir\documents\shared\cpp_indie_studio\release\indie studio.tlog\link.command.1.tlog
c:\users\yassir\documents\shared\cpp_indie_studio\release\indie studio.tlog\link.read.1.tlog
c:\users\yassir\documents\shared\cpp_indie_studio\release\indie studio.tlog\link.write.1.tlog
